<?xml version="1.0" encoding="UTF-8"?>
<testng-results skipped="0" failed="0" ignored="0" total="1" passed="1">
  <reporter-output>
    <line>
      <![CDATA[Test successfull!!!!!!]]>
    </line>
  </reporter-output>
  <suite name="Default suite" duration-ms="20620" started-at="2017-10-16T07:59:22Z" finished-at="2017-10-16T07:59:43Z">
    <groups>
    </groups>
    <test name="Default test" duration-ms="20620" started-at="2017-10-16T07:59:22Z" finished-at="2017-10-16T07:59:43Z">
      <class name="com.automation.TestCase1">
        <test-method status="PASS" signature="setBrowser()[pri:0, instance:com.automation.TestCase1@6d8a00e3]" name="setBrowser" is-config="true" duration-ms="3607" started-at="2017-10-16T13:29:19Z" finished-at="2017-10-16T13:29:22Z">
          <reporter-output>
          </reporter-output>
        </test-method> <!-- setBrowser -->
        <test-method status="PASS" signature="Login()[pri:0, instance:com.automation.TestCase1@6d8a00e3]" name="Login" duration-ms="20588" started-at="2017-10-16T13:29:23Z" finished-at="2017-10-16T13:29:43Z">
          <reporter-output>
            <line>
              <![CDATA[Test successfull!!!!!!]]>
            </line>
          </reporter-output>
        </test-method> <!-- Login -->
      </class> <!-- com.automation.TestCase1 -->
    </test> <!-- Default test -->
  </suite> <!-- Default suite -->
</testng-results>
