<?xml version="1.0" encoding="UTF-8"?>
<testng-results skipped="0" failed="0" ignored="0" total="1" passed="1">
  <reporter-output>
    <line>
      <![CDATA[Test successfull!!!!!!]]>
    </line>
  </reporter-output>
  <suite name="Default suite" duration-ms="18903" started-at="2017-10-20T11:18:15Z" finished-at="2017-10-20T11:18:34Z">
    <groups>
    </groups>
    <test name="Default test" duration-ms="18903" started-at="2017-10-20T11:18:15Z" finished-at="2017-10-20T11:18:34Z">
      <class name="com.automation.TestCase1">
        <test-method status="PASS" signature="setBrowser()[pri:0, instance:com.automation.TestCase1@1ef7fe8e]" name="setBrowser" is-config="true" duration-ms="12070" started-at="2017-10-20T16:48:03Z" finished-at="2017-10-20T16:48:15Z">
          <reporter-output>
          </reporter-output>
        </test-method> <!-- setBrowser -->
        <test-method status="PASS" signature="Login()[pri:0, instance:com.automation.TestCase1@1ef7fe8e]" name="Login" duration-ms="18851" started-at="2017-10-20T16:48:15Z" finished-at="2017-10-20T16:48:34Z">
          <reporter-output>
            <line>
              <![CDATA[Test successfull!!!!!!]]>
            </line>
          </reporter-output>
        </test-method> <!-- Login -->
        <test-method status="PASS" signature="closeBrowser()[pri:0, instance:com.automation.TestCase1@1ef7fe8e]" name="closeBrowser" is-config="true" duration-ms="117" started-at="2017-10-20T16:48:34Z" finished-at="2017-10-20T16:48:34Z">
          <reporter-output>
          </reporter-output>
        </test-method> <!-- closeBrowser -->
      </class> <!-- com.automation.TestCase1 -->
    </test> <!-- Default test -->
  </suite> <!-- Default suite -->
</testng-results>
